LISTING FOR LOGIC DESCRIPTION FILE: cpld1.pld                        Page 1

CUPL(WM): Universal Compiler for Programmable Logic
Version 5.0a Serial# MW-10400000
Copyright (c) 1983, 1998 Logical Devices, Inc.
Created Sat Mar 28 15:31:49 2026

  1:Name       cpld1.pld;
  2:Partno     ;
  3:Date       ;
  4:Revision   ;
  5:Designer   ;
  6:Company    ;
  7:Assembly   ;
  8:Location   ;
  9:Device     F1508ISPTQFP100;
 10:
 11:/* INPUT PINS */
 12:PIN 2 = A; /* 1st AND gate input */
 13:PIN 7 = C; /* 2nd AND gate input */
 14:
 15:/* OUTPUT PINS */
 16:PIN 19 = Q; /* AND gate output */
 17:
 18:/* LOGIC EQUATION */
 19:Q = A & C;
 20:



